Using pre-set license
Built from '2020.3/staging' branch; Version is '2020.3.11f1 (99c7afb366b3) revision 10078127'; Using compiler version '192528614'; Build Type 'Release'
OS: 'Windows 10 Home; OS build 19043.1288; Version 2009; 64bit' Language: 'en' Physical Memory: 16271 MB
BatchMode: 1, IsHumanControllingUs: 0, StartBugReporterOnCrash: 0, Is64bit: 1, IsPro: 0

 COMMAND LINE ARGUMENTS:
C:\Program Files\Unity\Hub\Editor\2020.3.11f1\Editor\Unity.exe
-adb2
-batchMode
-noUpm
-name
AssetImportWorker0
-projectPath
C:/Projects/Unity/jkxndfjk/jkxndfjk
-logFile
Logs/AssetImportWorker0.log
-srvPort
57700
Successfully changed project path to: C:/Projects/Unity/jkxndfjk/jkxndfjk
C:/Projects/Unity/jkxndfjk/jkxndfjk
Using Asset Import Pipeline V2.
Refreshing native plugins compatible for Editor in 131.26 ms, found 10 plugins.
Preloading 1 native plugins for Editor in 5.27 ms.
Initialize engine version: 2020.3.11f1 (99c7afb366b3)
[Subsystems] Discovering subsystems at path C:/Program Files/Unity/Hub/Editor/2020.3.11f1/Editor/Data/Resources/UnitySubsystems
[Subsystems] Discovering subsystems at path C:/Projects/Unity/jkxndfjk/jkxndfjk/Assets
GfxDevice: creating device client; threaded=0
Direct3D:
    Version:  Direct3D 11.0 [level 11.1]
    Renderer: NVIDIA GeForce GTX 970 (ID=0x13c2)
    Vendor:   
    VRAM:     4043 MB
    Driver:   27.21.14.5671
Initialize mono
Mono path[0] = 'C:/Program Files/Unity/Hub/Editor/2020.3.11f1/Editor/Data/Managed'
Mono path[1] = 'C:/Program Files/Unity/Hub/Editor/2020.3.11f1/Editor/Data/MonoBleedingEdge/lib/mono/unityjit'
Mono config path = 'C:/Program Files/Unity/Hub/Editor/2020.3.11f1/Editor/Data/MonoBleedingEdge/etc'
Using monoOptions --debugger-agent=transport=dt_socket,embedding=1,server=y,suspend=n,address=127.0.0.1:56244
Begin MonoManager ReloadAssembly
Registering precompiled unity dll's ...
Register platform support module: C:/Program Files/Unity/Hub/Editor/2020.3.11f1/Editor/Data/PlaybackEngines/WindowsStandaloneSupport/UnityEditor.WindowsStandalone.Extensions.dll
Registered in 0.003765 seconds.
Native extension for WindowsStandalone target not found
Refreshing native plugins compatible for Editor in 78.77 ms, found 10 plugins.
Preloading 1 native plugins for Editor in 0.17 ms.
Mono: successfully reloaded assembly
- Completed reload, in  2.693 seconds
Platform modules already initialized, skipping
Registering precompiled user dll's ...
Registered in 0.012120 seconds.
Begin MonoManager ReloadAssembly
Native extension for WindowsStandalone target not found
Refreshing native plugins compatible for Editor in 138.34 ms, found 10 plugins.
Preloading 1 native plugins for Editor in 0.18 ms.
[XR] OculusXRPlugin: registering subsystems
[XR] Unable to register display lifecyle provider: [1]
[XR] Oculus Input lifecycle provider registered.
[XR] Unable to register input lifecyle provider: [1]
NullReferenceException: Object reference not set to an instance of an object
  at Unity.XR.Oculus.OculusLoader.AssetPathToAbsolutePath (System.String assetPath) [0x00048] in C:\Projects\Unity\jkxndfjk\jkxndfjk\Library\PackageCache\com.unity.xr.oculus@1.9.1\Runtime\OculusLoader.cs:249 
  at Unity.XR.Oculus.OculusLoader.EditorLoadOVRPlugin () [0x0007b] in C:\Projects\Unity\jkxndfjk\jkxndfjk\Library\PackageCache\com.unity.xr.oculus@1.9.1\Runtime\OculusLoader.cs:234 

(Filename: Library/PackageCache/com.unity.xr.oculus@1.9.1/Runtime/OculusLoader.cs Line: 249)

Mono: successfully reloaded assembly
- Completed reload, in  2.492 seconds
Platform modules already initialized, skipping
========================================================================
Worker process is ready to serve import requests
Shader 'Universal Render Pipeline/Particles/Lit': fallback shader 'Universal Render Pipeline/Particles/SimpleLit' not found
Shader 'Universal Render Pipeline/Particles/Lit': fallback shader 'Universal Render Pipeline/Particles/SimpleLit' not found
Launched and connected shader compiler UnityShaderCompiler.exe after 0.05 seconds
Refreshing native plugins compatible for Editor in 4.41 ms, found 10 plugins.
Preloading 1 native plugins for Editor in 0.13 ms.
Unloading 3225 Unused Serialized files (Serialized files now loaded: 0)
System memory in use before: 150.6 MB.
System memory in use after: 148.3 MB.

Unloading 68 unused Assets to reduce memory usage. Loaded Objects now: 3643.
Total: 8.970900 ms (FindLiveObjects: 1.062600 ms CreateObjectMapping: 0.398200 ms MarkObjects: 4.114600 ms  DeleteObjects: 3.393900 ms)

========================================================================
Received Import Request.
  path: Assets/Models/room.fbx
  artifactKey: Guid(adb529107032ba34db8cf2f3ee6d9bf4) Importer(815301076,1909f56bfc062723c751e8b465ee728b)
Start importing Assets/Models/room.fbx using Guid(adb529107032ba34db8cf2f3ee6d9bf4) Importer(815301076,1909f56bfc062723c751e8b465ee728b)  -> (artifact id: 'ff0374a51f64dc99519381309481b0f4') in 0.419975 seconds
  Import took 0.428375 seconds .

========================================================================
Received Import Request.
  Time since last request: 13.877433 seconds.
  path: Assets/Models/Machine/End.fbx
  artifactKey: Guid(dc5e41d7f94e5844e93b48f05e0e56ee) Importer(815301076,1909f56bfc062723c751e8b465ee728b)
Start importing Assets/Models/Machine/End.fbx using Guid(dc5e41d7f94e5844e93b48f05e0e56ee) Importer(815301076,1909f56bfc062723c751e8b465ee728b)  -> (artifact id: '088f519ba8c26a04746ec0c14e84b20f') in 0.066695 seconds
  Import took 0.077158 seconds .

========================================================================
Received Import Request.
  Time since last request: 0.000248 seconds.
  path: Assets/Models/Machine/Machine.fbx
  artifactKey: Guid(aa7713420375f7b4993fa1197ba86656) Importer(815301076,1909f56bfc062723c751e8b465ee728b)
Start importing Assets/Models/Machine/Machine.fbx using Guid(aa7713420375f7b4993fa1197ba86656) Importer(815301076,1909f56bfc062723c751e8b465ee728b)  -> (artifact id: '7b17bbc7f0c680f95ec88ea319108425') in 0.148428 seconds
  Import took 0.159160 seconds .

========================================================================
Received Import Request.
  Time since last request: 0.000293 seconds.
  path: Assets/Models/Machine/End.fbx
  artifactKey: Guid(dc5e41d7f94e5844e93b48f05e0e56ee) Importer(815301076,1909f56bfc062723c751e8b465ee728b)
Start importing Assets/Models/Machine/End.fbx using Guid(dc5e41d7f94e5844e93b48f05e0e56ee) Importer(815301076,1909f56bfc062723c751e8b465ee728b)  -> (artifact id: '088f519ba8c26a04746ec0c14e84b20f') in 0.061050 seconds
  Import took 0.075415 seconds .

========================================================================
Received Import Request.
  Time since last request: 0.000266 seconds.
  path: Assets/Models/Machine/Machine.fbx
  artifactKey: Guid(aa7713420375f7b4993fa1197ba86656) Importer(815301076,1909f56bfc062723c751e8b465ee728b)
Start importing Assets/Models/Machine/Machine.fbx using Guid(aa7713420375f7b4993fa1197ba86656) Importer(815301076,1909f56bfc062723c751e8b465ee728b)  -> (artifact id: '7b17bbc7f0c680f95ec88ea319108425') in 0.160471 seconds
  Import took 0.170069 seconds .

========================================================================
Received Import Request.
  Time since last request: 9.031939 seconds.
  path: Assets/Models/Machine/Machine.fbx
  artifactKey: Guid(aa7713420375f7b4993fa1197ba86656) Importer(815301076,1909f56bfc062723c751e8b465ee728b)
Start importing Assets/Models/Machine/Machine.fbx using Guid(aa7713420375f7b4993fa1197ba86656) Importer(815301076,1909f56bfc062723c751e8b465ee728b)  -> (artifact id: '537603a6e86b00e3e3394b6501971c01') in 0.134010 seconds
  Import took 0.155768 seconds .

========================================================================
Received Import Request.
  Time since last request: 21.689343 seconds.
  path: Assets/Materials/BlueMag.mat
  artifactKey: Guid(f6a4820d6ca8aab44b816929ebb98c4f) Importer(815301076,1909f56bfc062723c751e8b465ee728b)
Start importing Assets/Materials/BlueMag.mat using Guid(f6a4820d6ca8aab44b816929ebb98c4f) Importer(815301076,1909f56bfc062723c751e8b465ee728b)  -> (artifact id: 'e0b081e05292429133aa4f4d8d88aa48') in 0.025623 seconds
  Import took 0.034740 seconds .

========================================================================
Received Import Request.
  Time since last request: 0.000225 seconds.
  path: Assets/Materials/Green.mat
  artifactKey: Guid(6585dab26fca7db4180ad046c17827d9) Importer(815301076,1909f56bfc062723c751e8b465ee728b)
Start importing Assets/Materials/Green.mat using Guid(6585dab26fca7db4180ad046c17827d9) Importer(815301076,1909f56bfc062723c751e8b465ee728b)  -> (artifact id: 'da0994bb5ce81088efdc076f53a65280') in 0.024189 seconds
  Import took 0.031212 seconds .

========================================================================
Received Import Request.
  Time since last request: 0.000523 seconds.
  path: Assets/Materials/RedMag.mat
  artifactKey: Guid(0d2c341e2a4b837468b70a76e876b7a8) Importer(815301076,1909f56bfc062723c751e8b465ee728b)
Start importing Assets/Materials/RedMag.mat using Guid(0d2c341e2a4b837468b70a76e876b7a8) Importer(815301076,1909f56bfc062723c751e8b465ee728b)  -> (artifact id: '4b193d65e3c205ca48f9e998d3aa6673') in 0.024257 seconds
  Import took 0.034200 seconds .

========================================================================
Received Import Request.
  Time since last request: 5.295054 seconds.
  path: Assets/Prefabs/Finish.prefab
  artifactKey: Guid(4b38e304ceb01454d99c9e937b364d7a) Importer(815301076,1909f56bfc062723c751e8b465ee728b)
Start importing Assets/Prefabs/Finish.prefab using Guid(4b38e304ceb01454d99c9e937b364d7a) Importer(815301076,1909f56bfc062723c751e8b465ee728b)  -> (artifact id: '578cd47f9c04257781cb0df5083f2b8f') in 0.024552 seconds
  Import took 0.033967 seconds .

========================================================================
Received Import Request.
  Time since last request: 0.000326 seconds.
  path: Assets/Prefabs/Printer.prefab
  artifactKey: Guid(97763ec7fed2bc0488bd5485b554953c) Importer(815301076,1909f56bfc062723c751e8b465ee728b)
Start importing Assets/Prefabs/Printer.prefab using Guid(97763ec7fed2bc0488bd5485b554953c) Importer(815301076,1909f56bfc062723c751e8b465ee728b)  -> (artifact id: '00e3e46fd890f417086538d314df66ef') in 0.047197 seconds
  Import took 0.054685 seconds .

========================================================================
Received Import Request.
  Time since last request: 0.000215 seconds.
  path: Assets/Prefabs/Machine.prefab
  artifactKey: Guid(8490ac1c000518140b58fa2374f2fcb6) Importer(815301076,1909f56bfc062723c751e8b465ee728b)
Start importing Assets/Prefabs/Machine.prefab using Guid(8490ac1c000518140b58fa2374f2fcb6) Importer(815301076,1909f56bfc062723c751e8b465ee728b)  -> (artifact id: '859259160766bc89b2ae8144f79fc525') in 0.077017 seconds
  Import took 0.084718 seconds .

========================================================================
Received Import Request.
  Time since last request: 0.000211 seconds.
  path: Assets/Prefabs/Room.prefab
  artifactKey: Guid(27f70e5d8a0dbe84ab14d3f77a259627) Importer(815301076,1909f56bfc062723c751e8b465ee728b)
Start importing Assets/Prefabs/Room.prefab using Guid(27f70e5d8a0dbe84ab14d3f77a259627) Importer(815301076,1909f56bfc062723c751e8b465ee728b)  -> (artifact id: '2282519d8562c60897854a20db36e4e9') in 0.029725 seconds
  Import took 0.041803 seconds .

========================================================================
Received Import Request.
  Time since last request: 0.000268 seconds.
  path: Assets/Prefabs/Levels.prefab
  artifactKey: Guid(7e3515183de95114a97a136dfe865a93) Importer(815301076,1909f56bfc062723c751e8b465ee728b)
Start importing Assets/Prefabs/Levels.prefab using Guid(7e3515183de95114a97a136dfe865a93) Importer(815301076,1909f56bfc062723c751e8b465ee728b)  -> (artifact id: '7ac7f68e4e548f1e5a986dbde7abab3b') in 0.057618 seconds
  Import took 0.066417 seconds .

========================================================================
Received Import Request.
  Time since last request: 0.000260 seconds.
  path: Assets/Prefabs/Managers.prefab
  artifactKey: Guid(f81d926ea1856b946ad7ff197d22ba06) Importer(815301076,1909f56bfc062723c751e8b465ee728b)
Start importing Assets/Prefabs/Managers.prefab using Guid(f81d926ea1856b946ad7ff197d22ba06) Importer(815301076,1909f56bfc062723c751e8b465ee728b)  -> (artifact id: '39f0951a49278b28d1480988c869bf50') in 0.025998 seconds
  Import took 0.033257 seconds .

========================================================================
Received Import Request.
  Time since last request: 0.000223 seconds.
  path: Assets/Prefabs/TestLevel.prefab
  artifactKey: Guid(050dada6668cff34b938479f99b178fd) Importer(815301076,1909f56bfc062723c751e8b465ee728b)
Start importing Assets/Prefabs/TestLevel.prefab using Guid(050dada6668cff34b938479f99b178fd) Importer(815301076,1909f56bfc062723c751e8b465ee728b)  -> (artifact id: '05500c86740edb742a2028e1cb50e90c') in 0.036265 seconds
  Import took 0.043649 seconds .

========================================================================
Received Import Request.
  Time since last request: 0.000229 seconds.
  path: Assets/Prefabs/PlayerBalll.prefab
  artifactKey: Guid(87019dcd912858143993994a2e38944b) Importer(815301076,1909f56bfc062723c751e8b465ee728b)
Start importing Assets/Prefabs/PlayerBalll.prefab using Guid(87019dcd912858143993994a2e38944b) Importer(815301076,1909f56bfc062723c751e8b465ee728b)  -> (artifact id: '3b7e24b7c00b1062a90ef39674b4c44a') in 0.041326 seconds
  Import took 0.050937 seconds .

========================================================================
Received Import Request.
  Time since last request: 82.197795 seconds.
  path: Assets/Prefabs/Light Probe Group.prefab
  artifactKey: Guid(80c23fab3fcc8574a87864916895bafa) Importer(815301076,1909f56bfc062723c751e8b465ee728b)
Start importing Assets/Prefabs/Light Probe Group.prefab using Guid(80c23fab3fcc8574a87864916895bafa) Importer(815301076,1909f56bfc062723c751e8b465ee728b)  -> (artifact id: '759fc61a85fc55c01c5c381b4239a0e1') in 0.017084 seconds
  Import took 0.025763 seconds .

========================================================================
Received Import Request.
  Time since last request: 0.002204 seconds.
  path: Assets/Prefabs/Light Probe Group.prefab
  artifactKey: Guid(80c23fab3fcc8574a87864916895bafa) Importer(815301076,1909f56bfc062723c751e8b465ee728b)
Start importing Assets/Prefabs/Light Probe Group.prefab using Guid(80c23fab3fcc8574a87864916895bafa) Importer(815301076,1909f56bfc062723c751e8b465ee728b)  -> (artifact id: '759fc61a85fc55c01c5c381b4239a0e1') in 0.013691 seconds
  Import took 0.025293 seconds .

========================================================================
Received Import Request.
  Time since last request: 48.862276 seconds.
  path: Assets/Prefabs/Reflection Probe.prefab
  artifactKey: Guid(67b9e9e746f05cc40ad0e89473db61ae) Importer(815301076,1909f56bfc062723c751e8b465ee728b)
Start importing Assets/Prefabs/Reflection Probe.prefab using Guid(67b9e9e746f05cc40ad0e89473db61ae) Importer(815301076,1909f56bfc062723c751e8b465ee728b)  -> (artifact id: 'e0ebd9c0b3729ccbe069455a929b2177') in 0.026087 seconds
  Import took 0.042451 seconds .

========================================================================
Received Import Request.
  Time since last request: 138.876885 seconds.
  path: Assets/Materials/shaders/Shader Graphs_GlowEdge.mat
  artifactKey: Guid(66eafc77b9319d74c9963cfc9d90d709) Importer(815301076,1909f56bfc062723c751e8b465ee728b)
Start importing Assets/Materials/shaders/Shader Graphs_GlowEdge.mat using Guid(66eafc77b9319d74c9963cfc9d90d709) Importer(815301076,1909f56bfc062723c751e8b465ee728b)  -> (artifact id: '8b84df988a5c3b2d27865d855aeba906') in 0.024575 seconds
  Import took 0.035180 seconds .

========================================================================
Received Import Request.
  Time since last request: 0.006960 seconds.
  path: Assets/Materials/shaders/Shader Graphs_GlowEdge.mat
  artifactKey: Guid(66eafc77b9319d74c9963cfc9d90d709) Importer(815301076,1909f56bfc062723c751e8b465ee728b)
Start importing Assets/Materials/shaders/Shader Graphs_GlowEdge.mat using Guid(66eafc77b9319d74c9963cfc9d90d709) Importer(815301076,1909f56bfc062723c751e8b465ee728b)  -> (artifact id: '8b84df988a5c3b2d27865d855aeba906') in 0.019318 seconds
  Import took 0.027008 seconds .

========================================================================
Received Import Request.
  Time since last request: 579.075437 seconds.
  path: Assets/Models/Machine/Textures/Machine_Extras_Emission 1.png
  artifactKey: Guid(077be345c5f085b41b90a1539d7c8a62) Importer(815301076,1909f56bfc062723c751e8b465ee728b)
Start importing Assets/Models/Machine/Textures/Machine_Extras_Emission 1.png using Guid(077be345c5f085b41b90a1539d7c8a62) Importer(815301076,1909f56bfc062723c751e8b465ee728b)  -> (artifact id: '0058de2661c528c731bdeb58098dee9b') in 0.056808 seconds
  Import took 0.068346 seconds .

